<?xml version="1.0" encoding="UTF-8"?>
<!-- Generated by org.testng.reporters.JUnitReportReporter -->
<testsuite hostname="DESKTOP-19DD2A2" failures="0" tests="2" name="LoginPage.LoginPageTests" time="17.619" errors="0" timestamp="2024-02-27T02:45:33 EET" skipped="0">
  <testcase classname="LoginPage.LoginPageTests" name="testLogin" time="9.494"/>
  <testcase classname="LoginPage.LoginPageTests" name="testLogin_invalidCredentials" time="8.125"/>
</testsuite> <!-- LoginPage.LoginPageTests -->
