<?xml version="1.0" encoding="UTF-8"?>
<!-- Generated by org.testng.reporters.JUnitReportReporter -->
<testsuite hostname="DESKTOP-19DD2A2" failures="0" tests="1" name="SearchProduct.SearchProductTests" time="6.439" errors="0" timestamp="2024-02-27T02:45:33 EET" skipped="0">
  <testcase classname="SearchProduct.SearchProductTests" name="testSearchProduct" time="6.439"/>
</testsuite> <!-- SearchProduct.SearchProductTests -->
