<?xml version="1.0" encoding="UTF-8"?>
<!-- Generated by org.testng.reporters.JUnitReportReporter -->
<testsuite hostname="DESKTOP-19DD2A2" failures="0" tests="2" name="HomePage.P01HomePageTests" time="12.853" errors="0" timestamp="2024-02-27T02:45:33 EET" skipped="0">
  <testcase classname="HomePage.P01HomePageTests" name="testCreateAcount" time="6.495"/>
  <testcase classname="HomePage.P01HomePageTests" name="testSignIn" time="6.358"/>
</testsuite> <!-- HomePage.P01HomePageTests -->
